TN:
SF:src/config/database.js
FN:3,(anonymous_0)
FN:7,(anonymous_1)
FN:12,(anonymous_2)
FN:21,(anonymous_3)
FNF:4
FNH:0
FNDA:0,(anonymous_0)
FNDA:0,(anonymous_1)
FNDA:0,(anonymous_2)
FNDA:0,(anonymous_3)
DA:4,0
DA:9,0
DA:14,0
DA:15,0
DA:18,0
DA:22,0
DA:26,0
LF:7
LH:0
BRDA:12,0,0,0
BRDA:14,1,0,0
BRDA:14,1,1,0
BRF:3
BRH:0
end_of_record
TN:
SF:src/models/Todo.js
FN:8,(anonymous_0)
FN:20,(anonymous_1)
FN:40,(anonymous_2)
FN:60,(anonymous_3)
FN:80,(anonymous_4)
FNF:5
FNH:0
FNDA:0,(anonymous_0)
FNDA:0,(anonymous_1)
FNDA:0,(anonymous_2)
FNDA:0,(anonymous_3)
FNDA:0,(anonymous_4)
DA:2,1
DA:9,0
DA:10,0
DA:11,0
DA:13,0
DA:21,0
DA:22,0
DA:24,0
DA:25,0
DA:28,0
DA:30,0
DA:31,0
DA:33,0
DA:41,0
DA:42,0
DA:44,0
DA:50,0
DA:51,0
DA:53,0
DA:61,0
DA:62,0
DA:64,0
DA:65,0
DA:68,0
DA:70,0
DA:71,0
DA:73,0
DA:81,0
DA:82,0
DA:84,0
DA:85,0
DA:88,0
DA:90,0
DA:91,0
DA:93,0
DA:98,1
LF:36
LH:2
BRDA:24,0,0,0
BRDA:24,0,1,0
BRDA:30,1,0,0
BRDA:30,1,1,0
BRDA:50,2,0,0
BRDA:50,2,1,0
BRDA:64,3,0,0
BRDA:64,3,1,0
BRDA:70,4,0,0
BRDA:70,4,1,0
BRDA:84,5,0,0
BRDA:84,5,1,0
BRDA:90,6,0,0
BRDA:90,6,1,0
BRF:14
BRH:0
end_of_record
TN:
SF:src/utils/businessRules.js
FN:6,canMarkAsDone
FN:22,isOverdue
FN:40,calculateCompletionRate
FN:45,(anonymous_3)
FN:52,getPriorityScore
FN:65,isDueSoon
FNF:6
FNH:0
FNDA:0,canMarkAsDone
FNDA:0,isOverdue
FNDA:0,calculateCompletionRate
FNDA:0,(anonymous_3)
FNDA:0,getPriorityScore
FNDA:0,isDueSoon
DA:7,0
DA:8,0
DA:12,0
DA:13,0
DA:16,0
DA:23,0
DA:24,0
DA:27,0
DA:28,0
DA:31,0
DA:32,0
DA:34,0
DA:41,0
DA:42,0
DA:45,0
DA:46,0
DA:53,0
DA:59,0
DA:66,0
DA:67,0
DA:70,0
DA:71,0
DA:72,0
DA:74,0
DA:77,0
LF:25
LH:0
BRDA:7,0,0,0
BRDA:7,0,1,0
BRDA:12,1,0,0
BRDA:12,1,1,0
BRDA:23,2,0,0
BRDA:23,2,1,0
BRDA:23,3,0,0
BRDA:23,3,1,0
BRDA:27,4,0,0
BRDA:27,4,1,0
BRDA:41,5,0,0
BRDA:41,5,1,0
BRDA:41,6,0,0
BRDA:41,6,1,0
BRDA:59,7,0,0
BRDA:59,7,1,0
BRDA:66,8,0,0
BRDA:66,8,1,0
BRDA:66,9,0,0
BRDA:66,9,1,0
BRDA:66,9,2,0
BRDA:74,10,0,0
BRDA:74,10,1,0
BRF:23
BRH:0
end_of_record
TN:
SF:src/utils/dataProcessing.js
FN:7,filterTodosByStatus
FN:17,(anonymous_1)
FN:23,sortTodosByPriority
FN:28,(anonymous_3)
FN:44,searchTodos
FN:51,(anonymous_5)
FN:60,groupTodosByPriority
FN:65,(anonymous_7)
FN:78,paginateTodos
FNF:9
FNH:0
FNDA:0,filterTodosByStatus
FNDA:0,(anonymous_1)
FNDA:0,sortTodosByPriority
FNDA:0,(anonymous_3)
FNDA:0,searchTodos
FNDA:0,(anonymous_5)
FNDA:0,groupTodosByPriority
FNDA:0,(anonymous_7)
FNDA:0,paginateTodos
DA:2,0
DA:8,0
DA:9,0
DA:12,0
DA:13,0
DA:16,0
DA:17,0
DA:24,0
DA:25,0
DA:28,0
DA:29,0
DA:30,0
DA:32,0
DA:33,0
DA:35,0
DA:38,0
DA:45,0
DA:46,0
DA:49,0
DA:51,0
DA:52,0
DA:53,0
DA:61,0
DA:62,0
DA:65,0
DA:66,0
DA:67,0
DA:68,0
DA:70,0
DA:71,0
DA:79,0
DA:80,0
DA:89,0
DA:90,0
DA:91,0
DA:93,0
DA:102,0
LF:37
LH:0
BRDA:8,0,0,0
BRDA:8,0,1,0
BRDA:12,1,0,0
BRDA:12,1,1,0
BRDA:12,2,0,0
BRDA:12,2,1,0
BRDA:16,3,0,0
BRDA:16,3,1,0
BRDA:23,4,0,0
BRDA:24,5,0,0
BRDA:24,5,1,0
BRDA:29,6,0,0
BRDA:29,6,1,0
BRDA:30,7,0,0
BRDA:30,7,1,0
BRDA:32,8,0,0
BRDA:32,8,1,0
BRDA:45,9,0,0
BRDA:45,9,1,0
BRDA:45,10,0,0
BRDA:45,10,1,0
BRDA:46,11,0,0
BRDA:46,11,1,0
BRDA:61,12,0,0
BRDA:61,12,1,0
BRDA:66,13,0,0
BRDA:66,13,1,0
BRDA:67,14,0,0
BRDA:67,14,1,0
BRDA:78,15,0,0
BRDA:78,16,0,0
BRDA:79,17,0,0
BRDA:79,17,1,0
BRF:33
BRH:0
end_of_record
TN:
SF:src/utils/validation.js
FN:6,validateTask
FN:33,isValidPriority
FN:41,validateDueDate
FN:63,validateTodo
FNF:4
FNH:0
FNDA:0,validateTask
FNDA:0,isValidPriority
FNDA:0,validateDueDate
FNDA:0,validateTodo
DA:7,0
DA:8,0
DA:11,0
DA:12,0
DA:15,0
DA:16,0
DA:19,0
DA:20,0
DA:23,0
DA:24,0
DA:27,0
DA:34,0
DA:35,0
DA:42,0
DA:43,0
DA:46,0
DA:48,0
DA:49,0
DA:52,0
DA:53,0
DA:54,0
DA:57,0
DA:64,0
DA:66,0
DA:67,0
DA:69,0
DA:72,0
DA:73,0
DA:76,0
DA:77,0
DA:78,0
DA:81,0
DA:84,0
DA:85,0
DA:91,0
DA:97,0
LF:36
LH:0
BRDA:7,0,0,0
BRDA:7,0,1,0
BRDA:7,1,0,0
BRDA:7,1,1,0
BRDA:11,2,0,0
BRDA:11,2,1,0
BRDA:15,3,0,0
BRDA:15,3,1,0
BRDA:19,4,0,0
BRDA:19,4,1,0
BRDA:23,5,0,0
BRDA:23,5,1,0
BRDA:42,6,0,0
BRDA:42,6,1,0
BRDA:48,7,0,0
BRDA:48,7,1,0
BRDA:53,8,0,0
BRDA:53,8,1,0
BRDA:72,9,0,0
BRDA:72,9,1,0
BRDA:72,10,0,0
BRDA:72,10,1,0
BRDA:77,11,0,0
BRDA:77,11,1,0
BRDA:84,12,0,0
BRDA:84,12,1,0
BRF:26
BRH:0
end_of_record
